<?xml version="1.0" encoding="UTF-8"?>
<!-- Generated by org.testng.reporters.JUnitXMLReporter -->
<testsuite ignored="6" hostname="LAPTOP-7GVM148Q" failures="0" tests="1" name="Test" time="7.016" errors="0" timestamp="2026-06-28T15:17:10 IST">
  <testcase classname="Tecting_demoPac.googledemo3" name="googlesearch" time="6.952"/>
  <testcase classname="Tecting_demoPac.Saucedemo" name="setup" time="0.0">
    <ignored/>
  </testcase> <!-- setup -->
  <testcase classname="Tecting_demoPac.googledemo2" name="googlesearch" time="0.0">
    <ignored/>
  </testcase> <!-- googlesearch -->
  <testcase classname="Tecting_demoPac.DemoE2E" name="sampleTest" time="0.0">
    <ignored/>
  </testcase> <!-- sampleTest -->
  <testcase classname="Tecting_demoPac.googledemo1" name="googlesearch" time="0.0">
    <ignored/>
  </testcase> <!-- googlesearch -->
  <testcase classname="Tecting_demoPac.DemoE2E" name="sampleTest1" time="0.0">
    <ignored/>
  </testcase> <!-- sampleTest1 -->
  <testcase classname="Tecting_demoPac.googledemo" name="googlesearch" time="0.0">
    <ignored/>
  </testcase> <!-- googlesearch -->
</testsuite> <!-- Test -->
