<?xml version="1.0" encoding="UTF-8"?>
<!-- Generated by org.testng.reporters.JUnitXMLReporter -->
<testsuite ignored="0" hostname="LAPTOP-7GVM148Q" failures="0" tests="7" name="Test" time="35.856" errors="0" timestamp="2026-06-28T15:14:31 IST">
  <testcase classname="Tecting_demoPac.DemoE2E" name="sampleTest" time="0.009"/>
  <testcase classname="Tecting_demoPac.DemoE2E" name="sampleTest1" time="0.001"/>
  <testcase classname="Tecting_demoPac.Saucedemo" name="setup" time="4.394"/>
  <testcase classname="Tecting_demoPac.googledemo" name="googlesearch" time="7.939"/>
  <testcase classname="Tecting_demoPac.googledemo1" name="googlesearch" time="8.086"/>
  <testcase classname="Tecting_demoPac.googledemo2" name="googlesearch" time="7.116"/>
  <testcase classname="Tecting_demoPac.googledemo3" name="googlesearch" time="8.229"/>
</testsuite> <!-- Test -->
