<?xml version="1.0" encoding="UTF-8"?>
<testng-results ignored="6" total="7" passed="1" failed="0" skipped="0">
  <reporter-output>
  </reporter-output>
  <suite started-at="2026-06-28T15:17:03 IST" name="Suite" finished-at="2026-06-28T15:17:10 IST" duration-ms="7016">
    <groups>
      <group name="Regression">
        <method signature="googledemo3.googlesearch()[pri:0, instance:Tecting_demoPac.googledemo3@411f53a0]" name="googlesearch" class="Tecting_demoPac.googledemo3"/>
      </group> <!-- Regression -->
      <group name="smoke">
        <method signature="googledemo3.googlesearch()[pri:0, instance:Tecting_demoPac.googledemo3@411f53a0]" name="googlesearch" class="Tecting_demoPac.googledemo3"/>
      </group> <!-- smoke -->
    </groups>
    <test started-at="2026-06-28T15:17:03 IST" name="Test" finished-at="2026-06-28T15:17:10 IST" duration-ms="7016">
      <class name="Tecting_demoPac.googledemo3">
        <test-method signature="googlesearch()[pri:0, instance:Tecting_demoPac.googledemo3@411f53a0]" started-at="2026-06-28T15:17:03 IST" name="googlesearch" finished-at="2026-06-28T15:17:10 IST" duration-ms="6952" status="PASS">
          <reporter-output>
          </reporter-output>
        </test-method> <!-- googlesearch -->
      </class> <!-- Tecting_demoPac.googledemo3 -->
    </test> <!-- Test -->
  </suite> <!-- Suite -->
</testng-results>
